[2025-05-04 19:14:55Z INFO HostContext] No proxy settings were found based on environmental variables (http_proxy/https_proxy/HTTP_PROXY/HTTPS_PROXY)
[2025-05-04 19:14:55Z INFO HostContext] Well known directory 'Bin': 'D:\Selenium\Python\Android\POM\POM_Dialer_test\bin'
[2025-05-04 19:14:55Z INFO HostContext] Well known directory 'Root': 'D:\Selenium\Python\Android\POM\POM_Dialer_test'
[2025-05-04 19:14:55Z INFO HostContext] Well known config file 'Credentials': 'D:\Selenium\Python\Android\POM\POM_Dialer_test\.credentials'
[2025-05-04 19:14:55Z INFO HostContext] Well known directory 'Bin': 'D:\Selenium\Python\Android\POM\POM_Dialer_test\bin'
[2025-05-04 19:14:55Z INFO HostContext] Well known directory 'Root': 'D:\Selenium\Python\Android\POM\POM_Dialer_test'
[2025-05-04 19:14:55Z INFO HostContext] Well known config file 'Runner': 'D:\Selenium\Python\Android\POM\POM_Dialer_test\.runner'
[2025-05-04 19:14:55Z INFO Listener] Runner is built for Windows (X64) - win-x64.
[2025-05-04 19:14:55Z INFO Listener] RuntimeInformation: Microsoft Windows 10.0.22631.
[2025-05-04 19:14:55Z INFO Listener] Version: 2.323.0
[2025-05-04 19:14:55Z INFO Listener] Commit: d8b82f44a9ec0258904d5869ae683c31d5aac299
[2025-05-04 19:14:55Z INFO Listener] Culture: en-US
[2025-05-04 19:14:55Z INFO Listener] UI Culture: en-US
[2025-05-04 19:14:55Z INFO HostContext] Well known directory 'Bin': 'D:\Selenium\Python\Android\POM\POM_Dialer_test\bin'
[2025-05-04 19:14:55Z INFO HostContext] Well known directory 'Root': 'D:\Selenium\Python\Android\POM\POM_Dialer_test'
[2025-05-04 19:14:55Z INFO Listener] Validating directory permissions for: 'D:\Selenium\Python\Android\POM\POM_Dialer_test'
[2025-05-04 19:14:55Z INFO CommandLineParser] Parse
[2025-05-04 19:14:55Z INFO CommandLineParser] Parsing 1 args
[2025-05-04 19:14:55Z INFO CommandLineParser] parsing argument
[2025-05-04 19:14:55Z INFO CommandLineParser] HasArgs: False
[2025-05-04 19:14:55Z INFO CommandLineParser] Adding Command: configure
[2025-05-04 19:14:55Z INFO Listener] Arguments parsed
[2025-05-04 19:14:55Z INFO Runner] ExecuteCommand
[2025-05-04 19:14:55Z INFO ConfigurationStore] currentAssemblyLocation: D:\Selenium\Python\Android\POM\POM_Dialer_test\bin\Runner.Listener.dll
[2025-05-04 19:14:55Z INFO HostContext] Well known directory 'Bin': 'D:\Selenium\Python\Android\POM\POM_Dialer_test\bin'
[2025-05-04 19:14:55Z INFO ConfigurationStore] binPath: D:\Selenium\Python\Android\POM\POM_Dialer_test\bin
[2025-05-04 19:14:55Z INFO HostContext] Well known directory 'Bin': 'D:\Selenium\Python\Android\POM\POM_Dialer_test\bin'
[2025-05-04 19:14:55Z INFO HostContext] Well known directory 'Root': 'D:\Selenium\Python\Android\POM\POM_Dialer_test'
[2025-05-04 19:14:55Z INFO ConfigurationStore] RootFolder: D:\Selenium\Python\Android\POM\POM_Dialer_test
[2025-05-04 19:14:55Z INFO HostContext] Well known directory 'Bin': 'D:\Selenium\Python\Android\POM\POM_Dialer_test\bin'
[2025-05-04 19:14:55Z INFO HostContext] Well known directory 'Root': 'D:\Selenium\Python\Android\POM\POM_Dialer_test'
[2025-05-04 19:14:55Z INFO HostContext] Well known config file 'Runner': 'D:\Selenium\Python\Android\POM\POM_Dialer_test\.runner'
[2025-05-04 19:14:55Z INFO ConfigurationStore] ConfigFilePath: D:\Selenium\Python\Android\POM\POM_Dialer_test\.runner
[2025-05-04 19:14:55Z INFO HostContext] Well known directory 'Bin': 'D:\Selenium\Python\Android\POM\POM_Dialer_test\bin'
[2025-05-04 19:14:55Z INFO HostContext] Well known directory 'Root': 'D:\Selenium\Python\Android\POM\POM_Dialer_test'
[2025-05-04 19:14:55Z INFO HostContext] Well known config file 'MigratedRunner': 'D:\Selenium\Python\Android\POM\POM_Dialer_test\.runner_migrated'
[2025-05-04 19:14:55Z INFO ConfigurationStore] MigratedConfigFilePath: D:\Selenium\Python\Android\POM\POM_Dialer_test\.runner_migrated
[2025-05-04 19:14:55Z INFO HostContext] Well known directory 'Bin': 'D:\Selenium\Python\Android\POM\POM_Dialer_test\bin'
[2025-05-04 19:14:55Z INFO HostContext] Well known directory 'Root': 'D:\Selenium\Python\Android\POM\POM_Dialer_test'
[2025-05-04 19:14:55Z INFO HostContext] Well known config file 'Credentials': 'D:\Selenium\Python\Android\POM\POM_Dialer_test\.credentials'
[2025-05-04 19:14:55Z INFO ConfigurationStore] CredFilePath: D:\Selenium\Python\Android\POM\POM_Dialer_test\.credentials
[2025-05-04 19:14:55Z INFO HostContext] Well known directory 'Bin': 'D:\Selenium\Python\Android\POM\POM_Dialer_test\bin'
[2025-05-04 19:14:55Z INFO HostContext] Well known directory 'Root': 'D:\Selenium\Python\Android\POM\POM_Dialer_test'
[2025-05-04 19:14:55Z INFO HostContext] Well known config file 'MigratedCredentials': 'D:\Selenium\Python\Android\POM\POM_Dialer_test\.credentials_migrated'
[2025-05-04 19:14:55Z INFO ConfigurationStore] MigratedCredFilePath: D:\Selenium\Python\Android\POM\POM_Dialer_test\.credentials_migrated
[2025-05-04 19:14:55Z INFO HostContext] Well known directory 'Bin': 'D:\Selenium\Python\Android\POM\POM_Dialer_test\bin'
[2025-05-04 19:14:55Z INFO HostContext] Well known directory 'Root': 'D:\Selenium\Python\Android\POM\POM_Dialer_test'
[2025-05-04 19:14:55Z INFO HostContext] Well known config file 'Service': 'D:\Selenium\Python\Android\POM\POM_Dialer_test\.service'
[2025-05-04 19:14:55Z INFO ConfigurationStore] ServiceConfigFilePath: D:\Selenium\Python\Android\POM\POM_Dialer_test\.service
[2025-05-04 19:14:55Z INFO CommandSettings] Flag 'help': 'False'
[2025-05-04 19:14:55Z INFO CommandSettings] Flag 'version': 'False'
[2025-05-04 19:14:55Z INFO CommandSettings] Flag 'commit': 'False'
[2025-05-04 19:14:55Z INFO CommandSettings] Flag 'check': 'False'
[2025-05-04 19:14:55Z INFO CommandSettings] Command 'configure': 'True'
[2025-05-04 19:14:55Z INFO Terminal] WRITE LINE: 
[2025-05-04 19:14:55Z INFO Terminal] WRITE LINE: --------------------------------------------------------------------------------
[2025-05-04 19:14:55Z INFO Terminal] WRITE LINE: |        ____ _ _   _   _       _          _        _   _                      |
[2025-05-04 19:14:55Z INFO Terminal] WRITE LINE: |       / ___(_) |_| | | |_   _| |__      / \   ___| |_(_) ___  _ __  ___      |
[2025-05-04 19:14:55Z INFO Terminal] WRITE LINE: |      | |  _| | __| |_| | | | | '_ \    / _ \ / __| __| |/ _ \| '_ \/ __|     |
[2025-05-04 19:14:55Z INFO Terminal] WRITE LINE: |      | |_| | | |_|  _  | |_| | |_) |  / ___ \ (__| |_| | (_) | | | \__ \     |
[2025-05-04 19:14:55Z INFO Terminal] WRITE LINE: |       \____|_|\__|_| |_|\__,_|_.__/  /_/   \_\___|\__|_|\___/|_| |_|___/     |
[2025-05-04 19:14:55Z INFO Terminal] WRITE LINE: |                                                                              |
[2025-05-04 19:14:55Z INFO Terminal] WRITE: |                       
[2025-05-04 19:14:55Z INFO Terminal] WRITE: Self-hosted runner registration
[2025-05-04 19:14:55Z INFO Terminal] WRITE LINE:                         |
[2025-05-04 19:14:55Z INFO Terminal] WRITE LINE: |                                                                              |
[2025-05-04 19:14:55Z INFO Terminal] WRITE LINE: --------------------------------------------------------------------------------
[2025-05-04 19:14:55Z INFO ConfigurationManager] ConfigureAsync
[2025-05-04 19:14:55Z INFO CommandSettings] Flag 'generateServiceConfig': 'False'
[2025-05-04 19:14:55Z INFO ConfigurationStore] IsConfigured()
[2025-05-04 19:14:55Z INFO ConfigurationStore] IsConfigured: True
[2025-05-04 19:14:55Z INFO ConfigurationManager] Is configured: True
[2025-05-04 19:14:55Z ERR  Runner] System.InvalidOperationException: Cannot configure the runner because it is already configured. To reconfigure the runner, run 'config.cmd remove' or './config.sh remove' first.
   at GitHub.Runner.Listener.Configuration.ConfigurationManager.ConfigureAsync(CommandSettings command)
   at GitHub.Runner.Listener.Runner.ExecuteCommand(CommandSettings command)
[2025-05-04 19:14:55Z ERR  Terminal] WRITE ERROR: Cannot configure the runner because it is already configured. To reconfigure the runner, run 'config.cmd remove' or './config.sh remove' first.
[2025-05-04 19:14:55Z INFO Listener] Runner execution has finished with return code 1
