[2025-05-04 19:14:58Z INFO HostContext] No proxy settings were found based on environmental variables (http_proxy/https_proxy/HTTP_PROXY/HTTPS_PROXY)
[2025-05-04 19:14:58Z INFO HostContext] Well known directory 'Bin': 'D:\Selenium\Python\Android\POM\POM_Dialer_test\bin'
[2025-05-04 19:14:58Z INFO HostContext] Well known directory 'Root': 'D:\Selenium\Python\Android\POM\POM_Dialer_test'
[2025-05-04 19:14:58Z INFO HostContext] Well known config file 'Credentials': 'D:\Selenium\Python\Android\POM\POM_Dialer_test\.credentials'
[2025-05-04 19:14:58Z INFO HostContext] Well known directory 'Bin': 'D:\Selenium\Python\Android\POM\POM_Dialer_test\bin'
[2025-05-04 19:14:58Z INFO HostContext] Well known directory 'Root': 'D:\Selenium\Python\Android\POM\POM_Dialer_test'
[2025-05-04 19:14:58Z INFO HostContext] Well known config file 'Runner': 'D:\Selenium\Python\Android\POM\POM_Dialer_test\.runner'
[2025-05-04 19:14:58Z INFO Listener] Runner is built for Windows (X64) - win-x64.
[2025-05-04 19:14:58Z INFO Listener] RuntimeInformation: Microsoft Windows 10.0.22631.
[2025-05-04 19:14:58Z INFO Listener] Version: 2.323.0
[2025-05-04 19:14:58Z INFO Listener] Commit: d8b82f44a9ec0258904d5869ae683c31d5aac299
[2025-05-04 19:14:58Z INFO Listener] Culture: en-US
[2025-05-04 19:14:58Z INFO Listener] UI Culture: en-US
[2025-05-04 19:14:58Z INFO HostContext] Well known directory 'Bin': 'D:\Selenium\Python\Android\POM\POM_Dialer_test\bin'
[2025-05-04 19:14:58Z INFO HostContext] Well known directory 'Root': 'D:\Selenium\Python\Android\POM\POM_Dialer_test'
[2025-05-04 19:14:58Z INFO Listener] Validating directory permissions for: 'D:\Selenium\Python\Android\POM\POM_Dialer_test'
[2025-05-04 19:14:58Z INFO CommandLineParser] Parse
[2025-05-04 19:14:58Z INFO CommandLineParser] Parsing 1 args
[2025-05-04 19:14:58Z INFO CommandLineParser] parsing argument
[2025-05-04 19:14:58Z INFO CommandLineParser] HasArgs: False
[2025-05-04 19:14:58Z INFO CommandLineParser] Adding Command: run
[2025-05-04 19:14:58Z INFO Listener] Arguments parsed
[2025-05-04 19:14:58Z INFO Runner] ExecuteCommand
[2025-05-04 19:14:58Z INFO ConfigurationStore] currentAssemblyLocation: D:\Selenium\Python\Android\POM\POM_Dialer_test\bin\Runner.Listener.dll
[2025-05-04 19:14:58Z INFO HostContext] Well known directory 'Bin': 'D:\Selenium\Python\Android\POM\POM_Dialer_test\bin'
[2025-05-04 19:14:58Z INFO ConfigurationStore] binPath: D:\Selenium\Python\Android\POM\POM_Dialer_test\bin
[2025-05-04 19:14:58Z INFO HostContext] Well known directory 'Bin': 'D:\Selenium\Python\Android\POM\POM_Dialer_test\bin'
[2025-05-04 19:14:58Z INFO HostContext] Well known directory 'Root': 'D:\Selenium\Python\Android\POM\POM_Dialer_test'
[2025-05-04 19:14:58Z INFO ConfigurationStore] RootFolder: D:\Selenium\Python\Android\POM\POM_Dialer_test
[2025-05-04 19:14:58Z INFO HostContext] Well known directory 'Bin': 'D:\Selenium\Python\Android\POM\POM_Dialer_test\bin'
[2025-05-04 19:14:58Z INFO HostContext] Well known directory 'Root': 'D:\Selenium\Python\Android\POM\POM_Dialer_test'
[2025-05-04 19:14:58Z INFO HostContext] Well known config file 'Runner': 'D:\Selenium\Python\Android\POM\POM_Dialer_test\.runner'
[2025-05-04 19:14:58Z INFO ConfigurationStore] ConfigFilePath: D:\Selenium\Python\Android\POM\POM_Dialer_test\.runner
[2025-05-04 19:14:58Z INFO HostContext] Well known directory 'Bin': 'D:\Selenium\Python\Android\POM\POM_Dialer_test\bin'
[2025-05-04 19:14:58Z INFO HostContext] Well known directory 'Root': 'D:\Selenium\Python\Android\POM\POM_Dialer_test'
[2025-05-04 19:14:58Z INFO HostContext] Well known config file 'MigratedRunner': 'D:\Selenium\Python\Android\POM\POM_Dialer_test\.runner_migrated'
[2025-05-04 19:14:58Z INFO ConfigurationStore] MigratedConfigFilePath: D:\Selenium\Python\Android\POM\POM_Dialer_test\.runner_migrated
[2025-05-04 19:14:58Z INFO HostContext] Well known directory 'Bin': 'D:\Selenium\Python\Android\POM\POM_Dialer_test\bin'
[2025-05-04 19:14:58Z INFO HostContext] Well known directory 'Root': 'D:\Selenium\Python\Android\POM\POM_Dialer_test'
[2025-05-04 19:14:58Z INFO HostContext] Well known config file 'Credentials': 'D:\Selenium\Python\Android\POM\POM_Dialer_test\.credentials'
[2025-05-04 19:14:58Z INFO ConfigurationStore] CredFilePath: D:\Selenium\Python\Android\POM\POM_Dialer_test\.credentials
[2025-05-04 19:14:58Z INFO HostContext] Well known directory 'Bin': 'D:\Selenium\Python\Android\POM\POM_Dialer_test\bin'
[2025-05-04 19:14:58Z INFO HostContext] Well known directory 'Root': 'D:\Selenium\Python\Android\POM\POM_Dialer_test'
[2025-05-04 19:14:58Z INFO HostContext] Well known config file 'MigratedCredentials': 'D:\Selenium\Python\Android\POM\POM_Dialer_test\.credentials_migrated'
[2025-05-04 19:14:58Z INFO ConfigurationStore] MigratedCredFilePath: D:\Selenium\Python\Android\POM\POM_Dialer_test\.credentials_migrated
[2025-05-04 19:14:58Z INFO HostContext] Well known directory 'Bin': 'D:\Selenium\Python\Android\POM\POM_Dialer_test\bin'
[2025-05-04 19:14:58Z INFO HostContext] Well known directory 'Root': 'D:\Selenium\Python\Android\POM\POM_Dialer_test'
[2025-05-04 19:14:58Z INFO HostContext] Well known config file 'Service': 'D:\Selenium\Python\Android\POM\POM_Dialer_test\.service'
[2025-05-04 19:14:58Z INFO ConfigurationStore] ServiceConfigFilePath: D:\Selenium\Python\Android\POM\POM_Dialer_test\.service
[2025-05-04 19:14:58Z INFO CommandSettings] Flag 'help': 'False'
[2025-05-04 19:14:58Z INFO CommandSettings] Flag 'version': 'False'
[2025-05-04 19:14:58Z INFO CommandSettings] Flag 'commit': 'False'
[2025-05-04 19:14:58Z INFO CommandSettings] Flag 'check': 'False'
[2025-05-04 19:14:58Z INFO CommandSettings] Command 'configure': 'False'
[2025-05-04 19:14:58Z INFO CommandSettings] Command 'remove': 'False'
[2025-05-04 19:14:58Z INFO CommandSettings] Command 'warmup': 'False'
[2025-05-04 19:14:58Z INFO ConfigurationManager] LoadSettings
[2025-05-04 19:14:58Z INFO ConfigurationStore] IsConfigured()
[2025-05-04 19:14:58Z INFO ConfigurationStore] IsConfigured: True
[2025-05-04 19:14:58Z INFO ConfigurationManager] Is configured: True
[2025-05-04 19:14:58Z INFO ConfigurationStore] Read setting file: 318 chars
[2025-05-04 19:14:58Z INFO ConfigurationManager] Settings Loaded
[2025-05-04 19:14:58Z INFO ConfigurationStore] IsServiceConfigured()
[2025-05-04 19:14:58Z INFO ConfigurationStore] IsServiceConfigured: False
[2025-05-04 19:14:58Z INFO CommandSettings] Command 'run': 'True'
[2025-05-04 19:14:58Z INFO ConfigurationStore] IsConfigured()
[2025-05-04 19:14:58Z INFO ConfigurationStore] IsConfigured: True
[2025-05-04 19:14:58Z INFO ConfigurationManager] Is configured: True
[2025-05-04 19:14:58Z INFO Runner] Could not parse the argument value '' for StartupType. Defaulting to Manual
[2025-05-04 19:14:58Z INFO Runner] Set runner startup type - Manual
[2025-05-04 19:14:58Z INFO CommandSettings] Flag 'once': 'False'
[2025-05-04 19:14:58Z INFO CommandSettings] Flag 'once': 'False'
[2025-05-04 19:14:58Z INFO Runner] RunAsync
[2025-05-04 19:14:58Z INFO ConfigurationManager] LoadSettings
[2025-05-04 19:14:58Z INFO ConfigurationStore] IsConfigured()
[2025-05-04 19:14:58Z INFO ConfigurationStore] IsConfigured: True
[2025-05-04 19:14:58Z INFO ConfigurationManager] Is configured: True
[2025-05-04 19:14:58Z INFO ConfigurationManager] Settings Loaded
[2025-05-04 19:14:58Z INFO MessageListener] {
  "AgentId": 2,
  "AgentName": "ridho-runner",
  "PoolId": 1,
  "PoolName": "Default",
  "ServerUrl": "https://pipelinesghubeus12.actions.githubusercontent.com/H4iRTQUMO239CWJMAyBHAEMba2binhbTFUwqDxDIyQcL5ehSj3/",
  "GitHubUrl": "https://github.com/ridhoramidianto/POM_Dialer_test",
  "WorkFolder": "_work"
}
[2025-05-04 19:14:58Z INFO MessageListener] Loading Credentials
[2025-05-04 19:14:58Z INFO ConfigurationStore] HasCredentials()
[2025-05-04 19:14:58Z INFO ConfigurationStore] stored True
[2025-05-04 19:14:58Z INFO CredentialManager] GetCredentialProvider
[2025-05-04 19:14:58Z INFO CredentialManager] Creating type OAuth
[2025-05-04 19:14:58Z INFO CredentialManager] Creating credential type: OAuth
[2025-05-04 19:14:58Z INFO HostContext] Well known directory 'Bin': 'D:\Selenium\Python\Android\POM\POM_Dialer_test\bin'
[2025-05-04 19:14:58Z INFO HostContext] Well known directory 'Root': 'D:\Selenium\Python\Android\POM\POM_Dialer_test'
[2025-05-04 19:14:58Z INFO HostContext] Well known config file 'RSACredentials': 'D:\Selenium\Python\Android\POM\POM_Dialer_test\.credentials_rsaparams'
[2025-05-04 19:14:58Z INFO RSAEncryptedFileKeyManager] Loading RSA key parameters from file D:\Selenium\Python\Android\POM\POM_Dialer_test\.credentials_rsaparams
[2025-05-04 19:14:58Z INFO MessageListener] Attempt to create session.
[2025-05-04 19:14:58Z INFO MessageListener] Connecting to the Runner Server...
[2025-05-04 19:14:58Z INFO RunnerServer] EstablishVssConnection
[2025-05-04 19:14:58Z INFO RunnerServer] Establish connection with 100 seconds timeout.
[2025-05-04 19:14:58Z INFO GitHubActionsService] Starting operation Location.GetConnectionData
[2025-05-04 19:14:58Z INFO RunnerServer] EstablishVssConnection
[2025-05-04 19:14:58Z INFO RunnerServer] Establish connection with 60 seconds timeout.
[2025-05-04 19:14:58Z INFO GitHubActionsService] Starting operation Location.GetConnectionData
[2025-05-04 19:14:58Z INFO RunnerServer] EstablishVssConnection
[2025-05-04 19:14:58Z INFO RunnerServer] Establish connection with 60 seconds timeout.
[2025-05-04 19:14:58Z INFO GitHubActionsService] Starting operation Location.GetConnectionData
[2025-05-04 19:14:59Z INFO GitHubActionsService] Finished operation Location.GetConnectionData
[2025-05-04 19:14:59Z INFO GitHubActionsService] Finished operation Location.GetConnectionData
[2025-05-04 19:14:59Z INFO GitHubActionsService] Finished operation Location.GetConnectionData
[2025-05-04 19:14:59Z INFO MessageListener] VssConnection created
[2025-05-04 19:14:59Z INFO Terminal] WRITE LINE: 
[2025-05-04 19:14:59Z INFO Terminal] WRITE LINE: 
[2025-05-04 19:15:00Z INFO RSAEncryptedFileKeyManager] Loading RSA key parameters from file D:\Selenium\Python\Android\POM\POM_Dialer_test\.credentials_rsaparams
[2025-05-04 19:15:00Z INFO RSAEncryptedFileKeyManager] Loading RSA key parameters from file D:\Selenium\Python\Android\POM\POM_Dialer_test\.credentials_rsaparams
[2025-05-04 19:15:01Z INFO GitHubActionsService] AAD Correlation ID for this token request: Unknown
[2025-05-04 19:15:01Z ERR  GitHubActionsService] POST request to https://pipelinesghubeus12.actions.githubusercontent.com/H4iRTQUMO239CWJMAyBHAEMba2binhbTFUwqDxDIyQcL5ehSj3/_apis/distributedtask/pools/1/sessions failed. HTTP Status: Conflict
[2025-05-04 19:15:01Z ERR  MessageListener] Catch exception during create session.
[2025-05-04 19:15:01Z ERR  MessageListener] GitHub.DistributedTask.WebApi.TaskAgentSessionConflictException: The actions runner ridho-runner already has an active session.
   at GitHub.Services.WebApi.VssHttpClientBase.HandleResponseAsync(HttpResponseMessage response, CancellationToken cancellationToken)
   at GitHub.Services.WebApi.VssHttpClientBase.SendAsync(HttpRequestMessage message, HttpCompletionOption completionOption, Object userState, CancellationToken cancellationToken)
   at GitHub.Services.WebApi.VssHttpClientBase.SendAsync[T](HttpRequestMessage message, Object userState, CancellationToken cancellationToken)
   at GitHub.Services.WebApi.VssHttpClientBase.SendAsync[T](HttpMethod method, IEnumerable`1 additionalHeaders, Guid locationId, Object routeValues, ApiResourceVersion version, HttpContent content, IEnumerable`1 queryParameters, Object userState, CancellationToken cancellationToken)
   at GitHub.Runner.Listener.MessageListener.CreateSessionAsync(CancellationToken token)
[2025-05-04 19:15:01Z INFO MessageListener] The session for this runner already exists.
[2025-05-04 19:15:01Z ERR  Terminal] WRITE ERROR: A session for this runner already exists.
[2025-05-04 19:15:01Z INFO MessageListener] The session conflict exception haven't reached retry limit.
[2025-05-04 19:15:01Z ERR  Terminal] WRITE ERROR: 2025-05-04 19:15:01Z: Runner connect error: The actions runner ridho-runner already has an active session.. Retrying until reconnected.
[2025-05-04 19:15:01Z INFO MessageListener] Sleeping for 30 seconds before retrying.
[2025-05-04 19:15:13Z INFO HostContext] Runner will be shutdown for UserCancelled
[2025-05-04 19:15:13Z INFO Listener] Runner execution been cancelled.
